#
# There is insufficient memory for the Java Runtime Environment to continue.
# Native memory allocation (mmap) failed to map 266338304 bytes for G1 virtual space
# Possible reasons:
#   The system is out of physical RAM or swap space
#   The process is running with CompressedOops enabled, and the Java Heap may be blocking the growth of the native heap
# Possible solutions:
#   Reduce memory load on the system
#   Increase physical memory or swap space
#   Check if swap backing store is full
#   Decrease Java heap size (-Xmx/-Xms)
#   Decrease number of Java threads
#   Decrease Java thread stack sizes (-Xss)
#   Set larger code cache with -XX:ReservedCodeCacheSize=
#   JVM is running with Zero Based Compressed Oops mode in which the Java heap is
#     placed in the first 32GB address space. The Java Heap base address is the
#     maximum limit for the native heap growth. Please use -XX:HeapBaseMinAddress
#     to set the Java Heap base and to place the Java Heap above 32GB virtual address.
# This output file may be truncated or incomplete.
#
#  Out of Memory Error (os_windows.cpp:3528), pid=9164, tid=16032
#
# JRE version:  (20.0.2.1+10) (build )
# Java VM: OpenJDK 64-Bit Server VM (20.0.2.1+10-FR, mixed mode, sharing, tiered, compressed oops, compressed class ptrs, g1 gc, windows-amd64)
# No core dump will be written. Minidumps are not enabled by default on client versions of Windows
#

---------------  S U M M A R Y ------------

Command Line: -javaagent:C:\Program Files\JetBrains\IntelliJ IDEA Community Edition 2022.2\lib\idea_rt.jar=51995:C:\Program Files\JetBrains\IntelliJ IDEA Community Edition 2022.2\bin -Dfile.encoding=UTF-8 -Dsun.stdout.encoding=UTF-8 -Dsun.stderr.encoding=UTF-8 designPattern.multithreading.printEvenOdd.Driver

Host: 11th Gen Intel(R) Core(TM) i7-11370H @ 3.30GHz, 8 cores, 15G,  Windows 11 , 64 bit Build 22621 (10.0.22621.5415)
Time: Sat Jan 17 15:03:34 2026 India Standard Time elapsed time: 0.037166 seconds (0d 0h 0m 0s)

---------------  T H R E A D  ---------------

Current thread (0x0000022e08241c90):  JavaThread "Unknown thread" [_thread_in_vm, id=16032, stack(0x000000e1ebe00000,0x000000e1ebf00000)]

Stack: [0x000000e1ebe00000,0x000000e1ebf00000]
Native frames: (J=compiled Java code, j=interpreted, Vv=VM code, C=native code)
V  [jvm.dll+0x6ba11a]
V  [jvm.dll+0x8968da]
V  [jvm.dll+0x898665]
V  [jvm.dll+0x898d53]
V  [jvm.dll+0x27f9ff]
V  [jvm.dll+0x6b6f69]
V  [jvm.dll+0x6abe7a]
V  [jvm.dll+0x358ce5]
V  [jvm.dll+0x360e46]
V  [jvm.dll+0x3b19fe]
V  [jvm.dll+0x3b1c85]
V  [jvm.dll+0x329d4a]
V  [jvm.dll+0x32ab6b]
V  [jvm.dll+0x86014f]
V  [jvm.dll+0x3be8d1]
V  [jvm.dll+0x84bc93]
V  [jvm.dll+0x44a22f]
V  [jvm.dll+0x44bcc1]
C  [jli.dll+0x525c]
C  [ucrtbase.dll+0x29333]
C  [KERNEL32.DLL+0x1259d]
C  [ntdll.dll+0x5af78]


---------------  P R O C E S S  ---------------

Threads class SMR info:
_java_thread_list=0x00007ff95de2e658, length=0, elements={
}

Java Threads: ( => current thread )

Other Threads:
  0x0000022e082b1c80 WorkerThread "GC Thread#0" [stack: 0x000000e1ebf00000,0x000000e1ec000000] [id=13988]
  0x0000022e082c28d0 ConcurrentGCThread "G1 Main Marker" [stack: 0x000000e1ec000000,0x000000e1ec100000] [id=24872]
  0x0000022e082c3210 WorkerThread "G1 Conc#0" [stack: 0x000000e1ec100000,0x000000e1ec200000] [id=10552]

[error occurred during error reporting (printing all threads), id 0xc0000005, EXCEPTION_ACCESS_VIOLATION (0xc0000005) at pc=0x00007ff95d5aca97]
VM state: not at safepoint (not fully initialized)

VM Mutex/Monitor currently owned by a thread:  ([mutex/lock_event])
[0x0000022e0823e540] Heap_lock - owner thread: 0x0000022e08241c90

Heap address: 0x0000000703600000, size: 4042 MB, Compressed Oops mode: Zero based, Oop shift amount: 3

CDS archive(s) mapped at: [0x0000000000000000-0x0000000000000000-0x0000000000000000), size 0, SharedBaseAddress: 0x0000000800000000, ArchiveRelocationMode: 1.
Narrow klass base: 0x0000000000000000, Narrow klass shift: 0, Narrow klass range: 0x0

GC Precious Log:
 CardTable entry size: 512
 Card Set container configuration: InlinePtr #cards 4 size 8 Array Of Cards #cards 16 size 48 Howl #buckets 8 coarsen threshold 3686 Howl Bitmap #cards 512 size 80 coarsen threshold 460 Card regions per heap region 1 cards per card region 4096

Heap:
 garbage-first heap   total 0K, used 0K [0x0000000703600000, 0x0000000800000000)
  region size 2048K, 0 young (0K), 0 survivors (0K)

[error occurred during error reporting (printing heap information), id 0xc0000005, EXCEPTION_ACCESS_VIOLATION (0xc0000005) at pc=0x00007ff95d982409]
GC Heap History (0 events):
No events

Dll operation events (1 events):
Event: 0.017 Loaded shared library C:\Users\Sandeep Singh\.jdks\corretto-20.0.2.1\bin\java.dll

Deoptimization events (0 events):
No events

Classes loaded (0 events):
No events

Classes unloaded (0 events):
No events

Classes redefined (0 events):
No events

Internal exceptions (0 events):
No events

VM Operations (0 events):
No events

Events (0 events):
No events


Dynamic libraries:
0x00007ff6a3f70000 - 0x00007ff6a3f7e000 	C:\Users\Sandeep Singh\.jdks\corretto-20.0.2.1\bin\java.exe
0x00007ff9dfcd0000 - 0x00007ff9dfee7000 	C:\WINDOWS\SYSTEM32\ntdll.dll
0x00007ff9dded0000 - 0x00007ff9ddf94000 	C:\WINDOWS\System32\KERNEL32.DLL
0x00007ff9dd450000 - 0x00007ff9dd822000 	C:\WINDOWS\System32\KERNELBASE.dll
0x00007ff9dd070000 - 0x00007ff9dd181000 	C:\WINDOWS\System32\ucrtbase.dll
0x00007ff9d3cc0000 - 0x00007ff9d3cd7000 	C:\Users\Sandeep Singh\.jdks\corretto-20.0.2.1\bin\jli.dll
0x00007ff9d27b0000 - 0x00007ff9d27cb000 	C:\Users\Sandeep Singh\.jdks\corretto-20.0.2.1\bin\VCRUNTIME140.dll
0x00007ff9ddfb0000 - 0x00007ff9de161000 	C:\WINDOWS\System32\USER32.dll
0x00007ff9dc0b0000 - 0x00007ff9dc34b000 	C:\WINDOWS\WinSxS\amd64_microsoft.windows.common-controls_6595b64144ccf1df_6.0.22621.5547_none_27104afb73855772\COMCTL32.dll
0x00007ff9dcdc0000 - 0x00007ff9dcde6000 	C:\WINDOWS\System32\win32u.dll
0x00007ff9ddd00000 - 0x00007ff9ddda7000 	C:\WINDOWS\System32\msvcrt.dll
0x00007ff9df0b0000 - 0x00007ff9df0d9000 	C:\WINDOWS\System32\GDI32.dll
0x00007ff9dd830000 - 0x00007ff9dd953000 	C:\WINDOWS\System32\gdi32full.dll
0x00007ff9dd190000 - 0x00007ff9dd22a000 	C:\WINDOWS\System32\msvcp_win.dll
0x00007ff9dfba0000 - 0x00007ff9dfbd1000 	C:\WINDOWS\System32\IMM32.DLL
0x00007ff9d2720000 - 0x00007ff9d272c000 	C:\Users\Sandeep Singh\.jdks\corretto-20.0.2.1\bin\vcruntime140_1.dll
0x00007ff9860d0000 - 0x00007ff98615e000 	C:\Users\Sandeep Singh\.jdks\corretto-20.0.2.1\bin\msvcp140.dll
0x00007ff95d270000 - 0x00007ff95df74000 	C:\Users\Sandeep Singh\.jdks\corretto-20.0.2.1\bin\server\jvm.dll
0x00007ff9dfae0000 - 0x00007ff9dfb91000 	C:\WINDOWS\System32\ADVAPI32.dll
0x00007ff9df8d0000 - 0x00007ff9df978000 	C:\WINDOWS\System32\sechost.dll
0x00007ff9dd230000 - 0x00007ff9dd258000 	C:\WINDOWS\System32\bcrypt.dll
0x00007ff9df160000 - 0x00007ff9df274000 	C:\WINDOWS\System32\RPCRT4.dll
0x00007ff9bcf40000 - 0x00007ff9bcf49000 	C:\WINDOWS\SYSTEM32\WSOCK32.dll
0x00007ff9d94c0000 - 0x00007ff9d94f4000 	C:\WINDOWS\SYSTEM32\WINMM.dll
0x00007ff9df0e0000 - 0x00007ff9df151000 	C:\WINDOWS\System32\WS2_32.dll
0x00007ff9db4e0000 - 0x00007ff9db4ea000 	C:\WINDOWS\SYSTEM32\VERSION.dll
0x00007ff9dae70000 - 0x00007ff9dae88000 	C:\WINDOWS\SYSTEM32\kernel.appcore.dll
0x00007ff9d2620000 - 0x00007ff9d262a000 	C:\Users\Sandeep Singh\.jdks\corretto-20.0.2.1\bin\jimage.dll
0x00007ff9dc5f0000 - 0x00007ff9dc823000 	C:\WINDOWS\SYSTEM32\DBGHELP.DLL
0x00007ff9ded00000 - 0x00007ff9df093000 	C:\WINDOWS\System32\combase.dll
0x00007ff9de170000 - 0x00007ff9de247000 	C:\WINDOWS\System32\OLEAUT32.dll
0x00007ff9dc520000 - 0x00007ff9dc552000 	C:\WINDOWS\SYSTEM32\dbgcore.DLL
0x00007ff9dd260000 - 0x00007ff9dd2db000 	C:\WINDOWS\System32\bcryptPrimitives.dll
0x00007ff9d2610000 - 0x00007ff9d261e000 	C:\Users\Sandeep Singh\.jdks\corretto-20.0.2.1\bin\instrument.dll
0x00007ff9d1c00000 - 0x00007ff9d1c26000 	C:\Users\Sandeep Singh\.jdks\corretto-20.0.2.1\bin\java.dll

dbghelp: loaded successfully - version: 4.0.5 - missing functions: none
symbol engine: initialized successfully - sym options: 0x614 - pdb path: .;C:\Users\Sandeep Singh\.jdks\corretto-20.0.2.1\bin;C:\WINDOWS\SYSTEM32;C:\WINDOWS\WinSxS\amd64_microsoft.windows.common-controls_6595b64144ccf1df_6.0.22621.5547_none_27104afb73855772;C:\Users\Sandeep Singh\.jdks\corretto-20.0.2.1\bin\server

VM Arguments:
jvm_args: -javaagent:C:\Program Files\JetBrains\IntelliJ IDEA Community Edition 2022.2\lib\idea_rt.jar=51995:C:\Program Files\JetBrains\IntelliJ IDEA Community Edition 2022.2\bin -Dfile.encoding=UTF-8 -Dsun.stdout.encoding=UTF-8 -Dsun.stderr.encoding=UTF-8 
java_command: designPattern.multithreading.printEvenOdd.Driver
java_class_path (initial): C:\Users\Sandeep Singh\OneDrive\Desktop\DSA_LLD_HLD\Mehnat\out\production\Mehnat-Atoot
Launcher Type: SUN_STANDARD

[Global flags]
     intx CICompilerCount                          = 4                                         {product} {ergonomic}
     uint ConcGCThreads                            = 2                                         {product} {ergonomic}
     uint G1ConcRefinementThreads                  = 8                                         {product} {ergonomic}
   size_t G1HeapRegionSize                         = 2097152                                   {product} {ergonomic}
    uintx GCDrainStackTargetSize                   = 64                                        {product} {ergonomic}
   size_t InitialHeapSize                          = 266338304                                 {product} {ergonomic}
   size_t MarkStackSize                            = 4194304                                   {product} {ergonomic}
   size_t MaxHeapSize                              = 4238344192                                {product} {ergonomic}
   size_t MinHeapDeltaBytes                        = 2097152                                   {product} {ergonomic}
   size_t MinHeapSize                              = 8388608                                   {product} {ergonomic}
    uintx NonNMethodCodeHeapSize                   = 5839372                                {pd product} {ergonomic}
    uintx NonProfiledCodeHeapSize                  = 122909434                              {pd product} {ergonomic}
    uintx ProfiledCodeHeapSize                     = 122909434                              {pd product} {ergonomic}
    uintx ReservedCodeCacheSize                    = 251658240                              {pd product} {ergonomic}
     bool SegmentedCodeCache                       = true                                      {product} {ergonomic}
   size_t SoftMaxHeapSize                          = 4238344192                             {manageable} {ergonomic}
     bool UseCompressedClassPointers               = true                           {product lp64_product} {ergonomic}
     bool UseCompressedOops                        = true                           {product lp64_product} {ergonomic}
     bool UseG1GC                                  = true                                      {product} {ergonomic}
     bool UseLargePagesIndividualAllocation        = false                                  {pd product} {ergonomic}

Logging:
Log output configuration:
 #0: stdout all=warning uptime,level,tags foldmultilines=false
 #1: stderr all=off uptime,level,tags foldmultilines=false

Environment Variables:
PATH=C:\Program Files\Common Files\Oracle\Java\javapath;C:\Windows\system32;C:\Windows;C:\Windows\System32\Wbem;C:\Windows\System32\WindowsPowerShell\v1.0\;C:\Windows\System32\OpenSSH\;C:\Program Files\Microsoft SQL Server\Client SDK\ODBC\170\Tools\Binn\;C:\Program Files\Java\jdk1.8.0_311\bin;C:\WINDOWS\system32;C:\WINDOWS;C:\WINDOWS\System32\Wbem;C:\WINDOWS\System32\WindowsPowerShell\v1.0\;C:\WINDOWS\System32\OpenSSH\;C:\Program Files (x86)\Microsoft SQL Server\150\Tools\Binn\;C:\Program Files\Microsoft SQL Server\150\Tools\Binn\;C:\Program Files\Microsoft SQL Server\150\DTS\Binn\;C:\MinGW\bin;C:\WINDOWS\system32;C:\WINDOWS;C:\WINDOWS\System32\Wbem;C:\WINDOWS\System32\WindowsPowerShell\v1.0\;C:\WINDOWS\System32\OpenSSH\;C:\Program Files\Git\cmd;C:\Program Files\Docker\Docker\resources\bin;C:\Program Files\Go\bin;C:\Program Files\nodejs\;C:\Users\Sandeep Singh\AppData\Local\Programs\Python\Python312\Scripts\;C:\Users\Sandeep Singh\AppData\Local\Programs\Python\Python312\;C:\Program Files\MySQL\MySQL Shell 8.0\bin\;C:\Program Files\nodejs\;C:\Users\Sandeep Singh\AppData\Local\Microsoft\WindowsApps;C:\MinGW\bin;C:\Program Files\Azure Data Studio\bin;C:\Program Files\JetBrains\IntelliJ IDEA 2023.3.2\bin;C:\Users\Sandeep Singh\AppData\Local\Programs\Microsoft VS Code\bin;C:\Users\Sandeep Singh\go\bin;C:\Users\Sandeep Singh\AppData\Roaming\npm;C:\Users\Sandeep Singh\AppData\Local\JetBrains\Toolbox\scripts;
USERNAME=Sandeep Singh
OS=Windows_NT
PROCESSOR_IDENTIFIER=Intel64 Family 6 Model 140 Stepping 1, GenuineIntel
TMP=C:\Users\SANDEE~1\AppData\Local\Temp
TEMP=C:\Users\SANDEE~1\AppData\Local\Temp




---------------  S Y S T E M  ---------------

OS:
 Windows 11 , 64 bit Build 22621 (10.0.22621.5415)
OS uptime: 158 days 16:13 hours
Hyper-V role detected

CPU: total 8 (initial active 8) (4 cores per cpu, 2 threads per core) family 6 model 140 stepping 1 microcode 0x78, cx8, cmov, fxsr, ht, mmx, 3dnowpref, sse, sse2, sse3, ssse3, sse4.1, sse4.2, popcnt, lzcnt, tsc, tscinvbit, avx, avx2, aes, erms, clmul, bmi1, bmi2, adx, avx512f, avx512dq, avx512cd, avx512bw, avx512vl, sha, fma, vzeroupper, avx512_vpopcntdq, avx512_vpclmulqdq, avx512_vaes, avx512_vnni, clflush, clflushopt, clwb, avx512_vbmi2, avx512_vbmi, hv, rdtscp, rdpid, fsrm, gfni, avx512_bitalg, f16c, cet_ibt, cet_ss, avx512_ifma

Memory: 4k page, system-wide physical 16167M (1403M free)
TotalPageFile size 34917M (AvailPageFile size 205M)
current process WorkingSet (physical memory assigned to process): 11M, peak: 11M
current process commit charge ("private bytes"): 60M, peak: 314M

vm_info: OpenJDK 64-Bit Server VM (20.0.2.1+10-FR) for windows-amd64 JRE (20.0.2.1+10-FR), built on 2023-08-19T09:18:31Z by "Administrator" with unknown MS VC++:1937

END.
